<?xml version="1.0" encoding="UTF-8"?>
<!-- Generated by org.testng.reporters.JUnitReportReporter -->
<testsuite hostname="DESKTOP-GP99FID" failures="0" tests="4" name="seleniumDataDrivenpkg.ArrayExcel" time="0.027" errors="0" timestamp="2022-12-15T16:44:32 IST" skipped="0">
  <testcase classname="seleniumDataDrivenpkg.ArrayExcel" name="testData" time="0.009"/>
  <system-out/>
  <testcase classname="seleniumDataDrivenpkg.ArrayExcel" name="testData" time="0.009"/>
  <system-out/>
  <testcase classname="seleniumDataDrivenpkg.ArrayExcel" name="testData" time="0.007"/>
  <system-out/>
  <testcase classname="seleniumDataDrivenpkg.ArrayExcel" name="testData" time="0.002"/>
  <system-out/>
</testsuite> <!-- seleniumDataDrivenpkg.ArrayExcel -->
